1779837257.661692 client started (496932): version 3.5a, socket /tmp/tmux-1000/default, protocol 8
1779837257.661732 on Linux 6.12.73+deb13-amd64 #1 SMP PREEMPT_DYNAMIC Debian 6.12.73-1 (2026-02-17)
1779837257.661738 using libevent 2.1.12-stable poll
1779837257.661742 using ncurses 6.5 20250125
1779837257.661766 flags are 0x10010000
1779837257.661807 socket is /tmp/tmux-1000/default
1779837257.661817 trying connect
1779837257.661834 add peer 0x7fb6c4a99680: 6 ((nil))
1779837257.662016 sending message 111 to peer 0x7fb6c4a99680 (8 bytes)
1779837257.662021 sending message 111 to peer 0x7fb6c4a99680 (8 bytes)
1779837257.662022 sending message 101 to peer 0x7fb6c4a99680 (14 bytes)
1779837257.662024 sending message 109 to peer 0x7fb6c4a99680 (4 bytes)
1779837257.662025 sending message 102 to peer 0x7fb6c4a99680 (12 bytes)
1779837257.662027 sending message 108 to peer 0x7fb6c4a99680 (56 bytes)
1779837257.662028 sending message 112 to peer 0x7fb6c4a99680 (70 bytes)
1779837257.662030 sending message 112 to peer 0x7fb6c4a99680 (5 bytes)
1779837257.662031 sending message 112 to peer 0x7fb6c4a99680 (5 bytes)
1779837257.662032 sending message 112 to peer 0x7fb6c4a99680 (6 bytes)
1779837257.662033 sending message 112 to peer 0x7fb6c4a99680 (6 bytes)
1779837257.662035 sending message 112 to peer 0x7fb6c4a99680 (11 bytes)
1779837257.662036 sending message 112 to peer 0x7fb6c4a99680 (10 bytes)
1779837257.662038 sending message 112 to peer 0x7fb6c4a99680 (13 bytes)
1779837257.662039 sending message 112 to peer 0x7fb6c4a99680 (13 bytes)
1779837257.662040 sending message 112 to peer 0x7fb6c4a99680 (18 bytes)
1779837257.662041 sending message 112 to peer 0x7fb6c4a99680 (11 bytes)
1779837257.662043 sending message 112 to peer 0x7fb6c4a99680 (10 bytes)
1779837257.662044 sending message 112 to peer 0x7fb6c4a99680 (15 bytes)
1779837257.662045 sending message 112 to peer 0x7fb6c4a99680 (21 bytes)
1779837257.662047 sending message 112 to peer 0x7fb6c4a99680 (13 bytes)
1779837257.662048 sending message 112 to peer 0x7fb6c4a99680 (7 bytes)
1779837257.662049 sending message 112 to peer 0x7fb6c4a99680 (13 bytes)
1779837257.662051 sending message 112 to peer 0x7fb6c4a99680 (7 bytes)
1779837257.662052 sending message 112 to peer 0x7fb6c4a99680 (13 bytes)
1779837257.662053 sending message 112 to peer 0x7fb6c4a99680 (9 bytes)
1779837257.662054 sending message 112 to peer 0x7fb6c4a99680 (21 bytes)
1779837257.662056 sending message 112 to peer 0x7fb6c4a99680 (13 bytes)
1779837257.662057 sending message 112 to peer 0x7fb6c4a99680 (8 bytes)
1779837257.662059 sending message 112 to peer 0x7fb6c4a99680 (12 bytes)
1779837257.662060 sending message 112 to peer 0x7fb6c4a99680 (13 bytes)
1779837257.662061 sending message 112 to peer 0x7fb6c4a99680 (9 bytes)
1779837257.662062 sending message 112 to peer 0x7fb6c4a99680 (9 bytes)
1779837257.662064 sending message 112 to peer 0x7fb6c4a99680 (12 bytes)
1779837257.662065 sending message 112 to peer 0x7fb6c4a99680 (8 bytes)
1779837257.662066 sending message 112 to peer 0x7fb6c4a99680 (8 bytes)
1779837257.662068 sending message 112 to peer 0x7fb6c4a99680 (7 bytes)
1779837257.662069 sending message 112 to peer 0x7fb6c4a99680 (7 bytes)
1779837257.662070 sending message 112 to peer 0x7fb6c4a99680 (9 bytes)
1779837257.662072 sending message 112 to peer 0x7fb6c4a99680 (13 bytes)
1779837257.662073 sending message 112 to peer 0x7fb6c4a99680 (6 bytes)
1779837257.662074 sending message 112 to peer 0x7fb6c4a99680 (9 bytes)
1779837257.662076 sending message 112 to peer 0x7fb6c4a99680 (15 bytes)
1779837257.662077 sending message 112 to peer 0x7fb6c4a99680 (13 bytes)
1779837257.662079 sending message 112 to peer 0x7fb6c4a99680 (12 bytes)
1779837257.662080 sending message 112 to peer 0x7fb6c4a99680 (8 bytes)
1779837257.662081 sending message 112 to peer 0x7fb6c4a99680 (14 bytes)
1779837257.662082 sending message 112 to peer 0x7fb6c4a99680 (11 bytes)
1779837257.662084 sending message 112 to peer 0x7fb6c4a99680 (9 bytes)
1779837257.662085 sending message 112 to peer 0x7fb6c4a99680 (10 bytes)
1779837257.662086 sending message 112 to peer 0x7fb6c4a99680 (10 bytes)
1779837257.662098 sending message 112 to peer 0x7fb6c4a99680 (10 bytes)
1779837257.662100 sending message 112 to peer 0x7fb6c4a99680 (10 bytes)
1779837257.662101 sending message 112 to peer 0x7fb6c4a99680 (11 bytes)
1779837257.662103 sending message 112 to peer 0x7fb6c4a99680 (12 bytes)
1779837257.662104 sending message 112 to peer 0x7fb6c4a99680 (12 bytes)
1779837257.662105 sending message 112 to peer 0x7fb6c4a99680 (12 bytes)
1779837257.662106 sending message 112 to peer 0x7fb6c4a99680 (12 bytes)
1779837257.662108 sending message 112 to peer 0x7fb6c4a99680 (12 bytes)
1779837257.662109 sending message 112 to peer 0x7fb6c4a99680 (11 bytes)
1779837257.662111 sending message 112 to peer 0x7fb6c4a99680 (11 bytes)
1779837257.662112 sending message 112 to peer 0x7fb6c4a99680 (12 bytes)
1779837257.662113 sending message 112 to peer 0x7fb6c4a99680 (12 bytes)
1779837257.662115 sending message 112 to peer 0x7fb6c4a99680 (12 bytes)
1779837257.662117 sending message 112 to peer 0x7fb6c4a99680 (12 bytes)
1779837257.662118 sending message 112 to peer 0x7fb6c4a99680 (12 bytes)
1779837257.662119 sending message 112 to peer 0x7fb6c4a99680 (10 bytes)
1779837257.662121 sending message 112 to peer 0x7fb6c4a99680 (12 bytes)
1779837257.662122 sending message 112 to peer 0x7fb6c4a99680 (13 bytes)
1779837257.662124 sending message 112 to peer 0x7fb6c4a99680 (13 bytes)
1779837257.662125 sending message 112 to peer 0x7fb6c4a99680 (13 bytes)
1779837257.662126 sending message 112 to peer 0x7fb6c4a99680 (13 bytes)
1779837257.662127 sending message 112 to peer 0x7fb6c4a99680 (13 bytes)
1779837257.662129 sending message 112 to peer 0x7fb6c4a99680 (8 bytes)
1779837257.662130 sending message 112 to peer 0x7fb6c4a99680 (11 bytes)
1779837257.662131 sending message 112 to peer 0x7fb6c4a99680 (11 bytes)
1779837257.662133 sending message 112 to peer 0x7fb6c4a99680 (11 bytes)
1779837257.662134 sending message 112 to peer 0x7fb6c4a99680 (12 bytes)
1779837257.662135 sending message 112 to peer 0x7fb6c4a99680 (12 bytes)
1779837257.662137 sending message 112 to peer 0x7fb6c4a99680 (12 bytes)
1779837257.662138 sending message 112 to peer 0x7fb6c4a99680 (12 bytes)
1779837257.662139 sending message 112 to peer 0x7fb6c4a99680 (13 bytes)
1779837257.662141 sending message 112 to peer 0x7fb6c4a99680 (13 bytes)
1779837257.662142 sending message 112 to peer 0x7fb6c4a99680 (13 bytes)
1779837257.662144 sending message 112 to peer 0x7fb6c4a99680 (8 bytes)
1779837257.662145 sending message 112 to peer 0x7fb6c4a99680 (13 bytes)
1779837257.662146 sending message 112 to peer 0x7fb6c4a99680 (13 bytes)
1779837257.662147 sending message 112 to peer 0x7fb6c4a99680 (13 bytes)
1779837257.662149 sending message 112 to peer 0x7fb6c4a99680 (13 bytes)
1779837257.662150 sending message 112 to peer 0x7fb6c4a99680 (13 bytes)
1779837257.662151 sending message 112 to peer 0x7fb6c4a99680 (12 bytes)
1779837257.662153 sending message 112 to peer 0x7fb6c4a99680 (12 bytes)
1779837257.662154 sending message 112 to peer 0x7fb6c4a99680 (12 bytes)
1779837257.662156 sending message 112 to peer 0x7fb6c4a99680 (12 bytes)
1779837257.662157 sending message 112 to peer 0x7fb6c4a99680 (13 bytes)
1779837257.662158 sending message 112 to peer 0x7fb6c4a99680 (8 bytes)
1779837257.662160 sending message 112 to peer 0x7fb6c4a99680 (13 bytes)
1779837257.662161 sending message 112 to peer 0x7fb6c4a99680 (13 bytes)
1779837257.662162 sending message 112 to peer 0x7fb6c4a99680 (13 bytes)
1779837257.662163 sending message 112 to peer 0x7fb6c4a99680 (13 bytes)
1779837257.662165 sending message 112 to peer 0x7fb6c4a99680 (13 bytes)
1779837257.662166 sending message 112 to peer 0x7fb6c4a99680 (13 bytes)
1779837257.662168 sending message 112 to peer 0x7fb6c4a99680 (13 bytes)
1779837257.662169 sending message 112 to peer 0x7fb6c4a99680 (12 bytes)
1779837257.662170 sending message 112 to peer 0x7fb6c4a99680 (12 bytes)
1779837257.662171 sending message 112 to peer 0x7fb6c4a99680 (12 bytes)
1779837257.662173 sending message 112 to peer 0x7fb6c4a99680 (8 bytes)
1779837257.662174 sending message 112 to peer 0x7fb6c4a99680 (12 bytes)
1779837257.662180 sending message 112 to peer 0x7fb6c4a99680 (13 bytes)
1779837257.662181 sending message 112 to peer 0x7fb6c4a99680 (13 bytes)
1779837257.662183 sending message 112 to peer 0x7fb6c4a99680 (13 bytes)
1779837257.662184 sending message 112 to peer 0x7fb6c4a99680 (13 bytes)
1779837257.662185 sending message 112 to peer 0x7fb6c4a99680 (13 bytes)
1779837257.662186 sending message 112 to peer 0x7fb6c4a99680 (13 bytes)
1779837257.662187 sending message 112 to peer 0x7fb6c4a99680 (13 bytes)
1779837257.662189 sending message 112 to peer 0x7fb6c4a99680 (13 bytes)
1779837257.662191 sending message 112 to peer 0x7fb6c4a99680 (12 bytes)
1779837257.662192 sending message 112 to peer 0x7fb6c4a99680 (10 bytes)
1779837257.662193 sending message 112 to peer 0x7fb6c4a99680 (12 bytes)
1779837257.662194 sending message 112 to peer 0x7fb6c4a99680 (12 bytes)
1779837257.662196 sending message 112 to peer 0x7fb6c4a99680 (12 bytes)
1779837257.662197 sending message 112 to peer 0x7fb6c4a99680 (13 bytes)
1779837257.662198 sending message 112 to peer 0x7fb6c4a99680 (13 bytes)
1779837257.662200 sending message 112 to peer 0x7fb6c4a99680 (13 bytes)
1779837257.662201 sending message 112 to peer 0x7fb6c4a99680 (13 bytes)
1779837257.662202 sending message 112 to peer 0x7fb6c4a99680 (13 bytes)
1779837257.662204 sending message 112 to peer 0x7fb6c4a99680 (13 bytes)
1779837257.662205 sending message 112 to peer 0x7fb6c4a99680 (13 bytes)
1779837257.662207 sending message 112 to peer 0x7fb6c4a99680 (10 bytes)
1779837257.662208 sending message 112 to peer 0x7fb6c4a99680 (13 bytes)
1779837257.662209 sending message 112 to peer 0x7fb6c4a99680 (12 bytes)
1779837257.662211 sending message 112 to peer 0x7fb6c4a99680 (12 bytes)
1779837257.662212 sending message 112 to peer 0x7fb6c4a99680 (12 bytes)
1779837257.662214 sending message 112 to peer 0x7fb6c4a99680 (10 bytes)
1779837257.662215 sending message 112 to peer 0x7fb6c4a99680 (10 bytes)
1779837257.662216 sending message 112 to peer 0x7fb6c4a99680 (10 bytes)
1779837257.662217 sending message 112 to peer 0x7fb6c4a99680 (12 bytes)
1779837257.662219 sending message 112 to peer 0x7fb6c4a99680 (13 bytes)
1779837257.662220 sending message 112 to peer 0x7fb6c4a99680 (13 bytes)
1779837257.662221 sending message 112 to peer 0x7fb6c4a99680 (13 bytes)
1779837257.662223 sending message 112 to peer 0x7fb6c4a99680 (13 bytes)
1779837257.662224 sending message 112 to peer 0x7fb6c4a99680 (13 bytes)
1779837257.662225 sending message 112 to peer 0x7fb6c4a99680 (11 bytes)
1779837257.662227 sending message 112 to peer 0x7fb6c4a99680 (11 bytes)
1779837257.662228 sending message 112 to peer 0x7fb6c4a99680 (12 bytes)
1779837257.662229 sending message 112 to peer 0x7fb6c4a99680 (12 bytes)
1779837257.662230 sending message 112 to peer 0x7fb6c4a99680 (12 bytes)
1779837257.662232 sending message 112 to peer 0x7fb6c4a99680 (12 bytes)
1779837257.662233 sending message 112 to peer 0x7fb6c4a99680 (12 bytes)
1779837257.662235 sending message 112 to peer 0x7fb6c4a99680 (11 bytes)
1779837257.662236 sending message 112 to peer 0x7fb6c4a99680 (12 bytes)
1779837257.662237 sending message 112 to peer 0x7fb6c4a99680 (12 bytes)
1779837257.662238 sending message 112 to peer 0x7fb6c4a99680 (13 bytes)
1779837257.662240 sending message 112 to peer 0x7fb6c4a99680 (13 bytes)
1779837257.662241 sending message 112 to peer 0x7fb6c4a99680 (13 bytes)
1779837257.662242 sending message 112 to peer 0x7fb6c4a99680 (13 bytes)
1779837257.662244 sending message 112 to peer 0x7fb6c4a99680 (13 bytes)
1779837257.662245 sending message 112 to peer 0x7fb6c4a99680 (10 bytes)
1779837257.662246 sending message 112 to peer 0x7fb6c4a99680 (9 bytes)
1779837257.662248 sending message 112 to peer 0x7fb6c4a99680 (12 bytes)
1779837257.662249 sending message 112 to peer 0x7fb6c4a99680 (13 bytes)
1779837257.662250 sending message 112 to peer 0x7fb6c4a99680 (13 bytes)
1779837257.662251 sending message 112 to peer 0x7fb6c4a99680 (13 bytes)
1779837257.662253 sending message 112 to peer 0x7fb6c4a99680 (13 bytes)
1779837257.662254 sending message 112 to peer 0x7fb6c4a99680 (13 bytes)
1779837257.662257 sending message 112 to peer 0x7fb6c4a99680 (9 bytes)
1779837257.662259 sending message 112 to peer 0x7fb6c4a99680 (12 bytes)
1779837257.662260 sending message 112 to peer 0x7fb6c4a99680 (13 bytes)
1779837257.662261 sending message 112 to peer 0x7fb6c4a99680 (13 bytes)
1779837257.662262 sending message 112 to peer 0x7fb6c4a99680 (13 bytes)
1779837257.662264 sending message 112 to peer 0x7fb6c4a99680 (13 bytes)
1779837257.662265 sending message 112 to peer 0x7fb6c4a99680 (13 bytes)
1779837257.662267 sending message 112 to peer 0x7fb6c4a99680 (11 bytes)
1779837257.662268 sending message 112 to peer 0x7fb6c4a99680 (12 bytes)
1779837257.662269 sending message 112 to peer 0x7fb6c4a99680 (13 bytes)
1779837257.662271 sending message 112 to peer 0x7fb6c4a99680 (13 bytes)
1779837257.662272 sending message 112 to peer 0x7fb6c4a99680 (13 bytes)
1779837257.662273 sending message 112 to peer 0x7fb6c4a99680 (13 bytes)
1779837257.662274 sending message 112 to peer 0x7fb6c4a99680 (13 bytes)
1779837257.662276 sending message 112 to peer 0x7fb6c4a99680 (11 bytes)
1779837257.662277 sending message 112 to peer 0x7fb6c4a99680 (12 bytes)
1779837257.662279 sending message 112 to peer 0x7fb6c4a99680 (12 bytes)
1779837257.662280 sending message 112 to peer 0x7fb6c4a99680 (12 bytes)
1779837257.662281 sending message 112 to peer 0x7fb6c4a99680 (12 bytes)
1779837257.662282 sending message 112 to peer 0x7fb6c4a99680 (12 bytes)
1779837257.662284 sending message 112 to peer 0x7fb6c4a99680 (21 bytes)
1779837257.662285 sending message 112 to peer 0x7fb6c4a99680 (12 bytes)
1779837257.662286 sending message 112 to peer 0x7fb6c4a99680 (9 bytes)
1779837257.662288 sending message 112 to peer 0x7fb6c4a99680 (6 bytes)
1779837257.662289 sending message 112 to peer 0x7fb6c4a99680 (13 bytes)
1779837257.662290 sending message 112 to peer 0x7fb6c4a99680 (8 bytes)
1779837257.662292 sending message 112 to peer 0x7fb6c4a99680 (15 bytes)
1779837257.662294 sending message 112 to peer 0x7fb6c4a99680 (13 bytes)
1779837257.662295 sending message 112 to peer 0x7fb6c4a99680 (9 bytes)
1779837257.662296 sending message 112 to peer 0x7fb6c4a99680 (70 bytes)
1779837257.662298 sending message 112 to peer 0x7fb6c4a99680 (69 bytes)
1779837257.662299 sending message 112 to peer 0x7fb6c4a99680 (10 bytes)
1779837257.662301 sending message 112 to peer 0x7fb6c4a99680 (10 bytes)
1779837257.662302 sending message 112 to peer 0x7fb6c4a99680 (8 bytes)
1779837257.662303 sending message 112 to peer 0x7fb6c4a99680 (15 bytes)
1779837257.662304 sending message 112 to peer 0x7fb6c4a99680 (13 bytes)
1779837257.662306 sending message 112 to peer 0x7fb6c4a99680 (10 bytes)
1779837257.662307 sending message 112 to peer 0x7fb6c4a99680 (10 bytes)
1779837257.662308 sending message 112 to peer 0x7fb6c4a99680 (17 bytes)
1779837257.662310 sending message 112 to peer 0x7fb6c4a99680 (10 bytes)
1779837257.662311 sending message 112 to peer 0x7fb6c4a99680 (13 bytes)
1779837257.662313 sending message 112 to peer 0x7fb6c4a99680 (9 bytes)
1779837257.662314 sending message 112 to peer 0x7fb6c4a99680 (5 bytes)
1779837257.662315 sending message 112 to peer 0x7fb6c4a99680 (15 bytes)
1779837257.662317 sending message 104 to peer 0x7fb6c4a99680 (0 bytes)
1779837257.662319 sending message 110 to peer 0x7fb6c4a99680 (0 bytes)
1779837257.662321 sending message 107 to peer 0x7fb6c4a99680 (4 bytes)
1779837257.662322 sending message 105 to peer 0x7fb6c4a99680 (54 bytes)
1779837257.662323 sending message 105 to peer 0x7fb6c4a99680 (28 bytes)
1779837257.662325 sending message 105 to peer 0x7fb6c4a99680 (23 bytes)
1779837257.662326 sending message 105 to peer 0x7fb6c4a99680 (17 bytes)
1779837257.662327 sending message 105 to peer 0x7fb6c4a99680 (23 bytes)
1779837257.662329 sending message 105 to peer 0x7fb6c4a99680 (30 bytes)
1779837257.662330 sending message 105 to peer 0x7fb6c4a99680 (27 bytes)
1779837257.662331 sending message 105 to peer 0x7fb6c4a99680 (24 bytes)
1779837257.662333 sending message 105 to peer 0x7fb6c4a99680 (20 bytes)
1779837257.662334 sending message 105 to peer 0x7fb6c4a99680 (23 bytes)
1779837257.662338 sending message 105 to peer 0x7fb6c4a99680 (21 bytes)
1779837257.662339 sending message 105 to peer 0x7fb6c4a99680 (25 bytes)
1779837257.662340 sending message 105 to peer 0x7fb6c4a99680 (20 bytes)
1779837257.662342 sending message 105 to peer 0x7fb6c4a99680 (8 bytes)
1779837257.662343 sending message 105 to peer 0x7fb6c4a99680 (20 bytes)
1779837257.662344 sending message 105 to peer 0x7fb6c4a99680 (32 bytes)
1779837257.662346 sending message 105 to peer 0x7fb6c4a99680 (1917 bytes)
1779837257.662347 sending message 105 to peer 0x7fb6c4a99680 (15 bytes)
1779837257.662349 sending message 105 to peer 0x7fb6c4a99680 (25 bytes)
1779837257.662350 sending message 105 to peer 0x7fb6c4a99680 (11 bytes)
1779837257.662352 sending message 105 to peer 0x7fb6c4a99680 (209 bytes)
1779837257.662353 sending message 105 to peer 0x7fb6c4a99680 (60 bytes)
1779837257.662355 sending message 105 to peer 0x7fb6c4a99680 (19 bytes)
1779837257.662356 sending message 105 to peer 0x7fb6c4a99680 (8 bytes)
1779837257.662357 sending message 105 to peer 0x7fb6c4a99680 (36 bytes)
1779837257.662359 sending message 105 to peer 0x7fb6c4a99680 (56 bytes)
1779837257.662360 sending message 105 to peer 0x7fb6c4a99680 (19 bytes)
1779837257.662362 sending message 105 to peer 0x7fb6c4a99680 (19 bytes)
1779837257.662363 sending message 105 to peer 0x7fb6c4a99680 (18 bytes)
1779837257.662365 sending message 105 to peer 0x7fb6c4a99680 (26 bytes)
1779837257.662366 sending message 105 to peer 0x7fb6c4a99680 (37 bytes)
1779837257.662368 sending message 105 to peer 0x7fb6c4a99680 (13 bytes)
1779837257.662369 sending message 105 to peer 0x7fb6c4a99680 (17 bytes)
1779837257.662370 sending message 105 to peer 0x7fb6c4a99680 (31 bytes)
1779837257.662372 sending message 105 to peer 0x7fb6c4a99680 (23 bytes)
1779837257.662373 sending message 105 to peer 0x7fb6c4a99680 (19 bytes)
1779837257.662374 sending message 105 to peer 0x7fb6c4a99680 (21 bytes)
1779837257.662376 sending message 105 to peer 0x7fb6c4a99680 (33 bytes)
1779837257.662377 sending message 105 to peer 0x7fb6c4a99680 (16 bytes)
1779837257.662378 sending message 105 to peer 0x7fb6c4a99680 (19 bytes)
1779837257.662380 sending message 106 to peer 0x7fb6c4a99680 (0 bytes)
1779837257.662408 sending message 200 to peer 0x7fb6c4a99680 (4 bytes)
1779837257.662410 client loop enter
1779837257.662781 peer 0x7fb6c4a99680 message 303
1779837257.662785 open write file 2 -
1779837257.662790 sending message 305 to peer 0x7fb6c4a99680 (8 bytes)
1779837257.662800 write check file 2
1779837257.662919 peer 0x7fb6c4a99680 message 304
1779837257.662923 write 58 to file 2
1779837257.662926 peer 0x7fb6c4a99680 message 203
1779837257.662927 file 2 58 bytes left
1779837257.662938 write check file 2
1779837257.662940 client loop exit
