1779837237.177552 client started (496798): version 3.5a, socket /tmp/tmux-1000/default, protocol 8
1779837237.177570 on Linux 6.12.73+deb13-amd64 #1 SMP PREEMPT_DYNAMIC Debian 6.12.73-1 (2026-02-17)
1779837237.177572 using libevent 2.1.12-stable poll
1779837237.177574 using ncurses 6.5 20250125
1779837237.177583 flags are 0x18010000
1779837237.177592 socket is /tmp/tmux-1000/default
1779837237.177599 trying connect
1779837237.177616 add peer 0x7f1f548995c0: 6 ((nil))
1779837237.177880 sending message 111 to peer 0x7f1f548995c0 (8 bytes)
1779837237.177885 sending message 111 to peer 0x7f1f548995c0 (8 bytes)
1779837237.177886 sending message 101 to peer 0x7f1f548995c0 (15 bytes)
1779837237.177888 sending message 109 to peer 0x7f1f548995c0 (4 bytes)
1779837237.177889 sending message 102 to peer 0x7f1f548995c0 (12 bytes)
1779837237.177891 sending message 108 to peer 0x7f1f548995c0 (56 bytes)
1779837237.177892 sending message 112 to peer 0x7f1f548995c0 (58 bytes)
1779837237.177894 sending message 112 to peer 0x7f1f548995c0 (5 bytes)
1779837237.177895 sending message 112 to peer 0x7f1f548995c0 (5 bytes)
1779837237.177896 sending message 112 to peer 0x7f1f548995c0 (6 bytes)
1779837237.177898 sending message 112 to peer 0x7f1f548995c0 (6 bytes)
1779837237.177899 sending message 112 to peer 0x7f1f548995c0 (11 bytes)
1779837237.177900 sending message 112 to peer 0x7f1f548995c0 (10 bytes)
1779837237.177901 sending message 112 to peer 0x7f1f548995c0 (13 bytes)
1779837237.177903 sending message 112 to peer 0x7f1f548995c0 (14 bytes)
1779837237.177904 sending message 112 to peer 0x7f1f548995c0 (19 bytes)
1779837237.177906 sending message 112 to peer 0x7f1f548995c0 (11 bytes)
1779837237.177907 sending message 112 to peer 0x7f1f548995c0 (10 bytes)
1779837237.177908 sending message 112 to peer 0x7f1f548995c0 (15 bytes)
1779837237.177909 sending message 112 to peer 0x7f1f548995c0 (21 bytes)
1779837237.177911 sending message 112 to peer 0x7f1f548995c0 (13 bytes)
1779837237.177912 sending message 112 to peer 0x7f1f548995c0 (7 bytes)
1779837237.177914 sending message 112 to peer 0x7f1f548995c0 (13 bytes)
1779837237.177915 sending message 112 to peer 0x7f1f548995c0 (7 bytes)
1779837237.177916 sending message 112 to peer 0x7f1f548995c0 (13 bytes)
1779837237.177918 sending message 112 to peer 0x7f1f548995c0 (9 bytes)
1779837237.177919 sending message 112 to peer 0x7f1f548995c0 (21 bytes)
1779837237.177920 sending message 112 to peer 0x7f1f548995c0 (13 bytes)
1779837237.177921 sending message 112 to peer 0x7f1f548995c0 (9 bytes)
1779837237.177923 sending message 112 to peer 0x7f1f548995c0 (16 bytes)
1779837237.177925 sending message 112 to peer 0x7f1f548995c0 (13 bytes)
1779837237.177926 sending message 112 to peer 0x7f1f548995c0 (9 bytes)
1779837237.177927 sending message 112 to peer 0x7f1f548995c0 (9 bytes)
1779837237.177928 sending message 112 to peer 0x7f1f548995c0 (12 bytes)
1779837237.177930 sending message 112 to peer 0x7f1f548995c0 (8 bytes)
1779837237.177931 sending message 112 to peer 0x7f1f548995c0 (8 bytes)
1779837237.177932 sending message 112 to peer 0x7f1f548995c0 (13 bytes)
1779837237.177934 sending message 112 to peer 0x7f1f548995c0 (7 bytes)
1779837237.177935 sending message 112 to peer 0x7f1f548995c0 (7 bytes)
1779837237.177937 sending message 112 to peer 0x7f1f548995c0 (9 bytes)
1779837237.177938 sending message 112 to peer 0x7f1f548995c0 (9 bytes)
1779837237.177939 sending message 112 to peer 0x7f1f548995c0 (15 bytes)
1779837237.177940 sending message 112 to peer 0x7f1f548995c0 (13 bytes)
1779837237.177942 sending message 112 to peer 0x7f1f548995c0 (12 bytes)
1779837237.177943 sending message 112 to peer 0x7f1f548995c0 (8 bytes)
1779837237.177945 sending message 112 to peer 0x7f1f548995c0 (14 bytes)
1779837237.177946 sending message 112 to peer 0x7f1f548995c0 (11 bytes)
1779837237.177948 sending message 112 to peer 0x7f1f548995c0 (9 bytes)
1779837237.177949 sending message 112 to peer 0x7f1f548995c0 (10 bytes)
1779837237.177950 sending message 112 to peer 0x7f1f548995c0 (10 bytes)
1779837237.177951 sending message 112 to peer 0x7f1f548995c0 (10 bytes)
1779837237.177957 sending message 112 to peer 0x7f1f548995c0 (10 bytes)
1779837237.177959 sending message 112 to peer 0x7f1f548995c0 (11 bytes)
1779837237.177960 sending message 112 to peer 0x7f1f548995c0 (12 bytes)
1779837237.177962 sending message 112 to peer 0x7f1f548995c0 (12 bytes)
1779837237.177963 sending message 112 to peer 0x7f1f548995c0 (12 bytes)
1779837237.177964 sending message 112 to peer 0x7f1f548995c0 (12 bytes)
1779837237.177965 sending message 112 to peer 0x7f1f548995c0 (12 bytes)
1779837237.177967 sending message 112 to peer 0x7f1f548995c0 (11 bytes)
1779837237.177968 sending message 112 to peer 0x7f1f548995c0 (11 bytes)
1779837237.177969 sending message 112 to peer 0x7f1f548995c0 (12 bytes)
1779837237.177971 sending message 112 to peer 0x7f1f548995c0 (12 bytes)
1779837237.177973 sending message 112 to peer 0x7f1f548995c0 (12 bytes)
1779837237.177974 sending message 112 to peer 0x7f1f548995c0 (12 bytes)
1779837237.177976 sending message 112 to peer 0x7f1f548995c0 (12 bytes)
1779837237.177977 sending message 112 to peer 0x7f1f548995c0 (9 bytes)
1779837237.177978 sending message 112 to peer 0x7f1f548995c0 (12 bytes)
1779837237.177979 sending message 112 to peer 0x7f1f548995c0 (13 bytes)
1779837237.177981 sending message 112 to peer 0x7f1f548995c0 (13 bytes)
1779837237.177982 sending message 112 to peer 0x7f1f548995c0 (13 bytes)
1779837237.177984 sending message 112 to peer 0x7f1f548995c0 (13 bytes)
1779837237.177985 sending message 112 to peer 0x7f1f548995c0 (13 bytes)
1779837237.177986 sending message 112 to peer 0x7f1f548995c0 (8 bytes)
1779837237.177988 sending message 112 to peer 0x7f1f548995c0 (11 bytes)
1779837237.177989 sending message 112 to peer 0x7f1f548995c0 (11 bytes)
1779837237.177990 sending message 112 to peer 0x7f1f548995c0 (11 bytes)
1779837237.177991 sending message 112 to peer 0x7f1f548995c0 (12 bytes)
1779837237.177993 sending message 112 to peer 0x7f1f548995c0 (12 bytes)
1779837237.177995 sending message 112 to peer 0x7f1f548995c0 (12 bytes)
1779837237.177996 sending message 112 to peer 0x7f1f548995c0 (12 bytes)
1779837237.177997 sending message 112 to peer 0x7f1f548995c0 (13 bytes)
1779837237.177998 sending message 112 to peer 0x7f1f548995c0 (13 bytes)
1779837237.178000 sending message 112 to peer 0x7f1f548995c0 (13 bytes)
1779837237.178001 sending message 112 to peer 0x7f1f548995c0 (8 bytes)
1779837237.178002 sending message 112 to peer 0x7f1f548995c0 (13 bytes)
1779837237.178003 sending message 112 to peer 0x7f1f548995c0 (13 bytes)
1779837237.178005 sending message 112 to peer 0x7f1f548995c0 (13 bytes)
1779837237.178006 sending message 112 to peer 0x7f1f548995c0 (13 bytes)
1779837237.178008 sending message 112 to peer 0x7f1f548995c0 (13 bytes)
1779837237.178009 sending message 112 to peer 0x7f1f548995c0 (12 bytes)
1779837237.178010 sending message 112 to peer 0x7f1f548995c0 (12 bytes)
1779837237.178011 sending message 112 to peer 0x7f1f548995c0 (12 bytes)
1779837237.178013 sending message 112 to peer 0x7f1f548995c0 (12 bytes)
1779837237.178014 sending message 112 to peer 0x7f1f548995c0 (13 bytes)
1779837237.178016 sending message 112 to peer 0x7f1f548995c0 (8 bytes)
1779837237.178017 sending message 112 to peer 0x7f1f548995c0 (13 bytes)
1779837237.178018 sending message 112 to peer 0x7f1f548995c0 (13 bytes)
1779837237.178020 sending message 112 to peer 0x7f1f548995c0 (13 bytes)
1779837237.178021 sending message 112 to peer 0x7f1f548995c0 (13 bytes)
1779837237.178022 sending message 112 to peer 0x7f1f548995c0 (13 bytes)
1779837237.178023 sending message 112 to peer 0x7f1f548995c0 (13 bytes)
1779837237.178025 sending message 112 to peer 0x7f1f548995c0 (13 bytes)
1779837237.178027 sending message 112 to peer 0x7f1f548995c0 (12 bytes)
1779837237.178028 sending message 112 to peer 0x7f1f548995c0 (12 bytes)
1779837237.178029 sending message 112 to peer 0x7f1f548995c0 (12 bytes)
1779837237.178030 sending message 112 to peer 0x7f1f548995c0 (8 bytes)
1779837237.178032 sending message 112 to peer 0x7f1f548995c0 (12 bytes)
1779837237.178033 sending message 112 to peer 0x7f1f548995c0 (13 bytes)
1779837237.178039 sending message 112 to peer 0x7f1f548995c0 (13 bytes)
1779837237.178040 sending message 112 to peer 0x7f1f548995c0 (13 bytes)
1779837237.178042 sending message 112 to peer 0x7f1f548995c0 (13 bytes)
1779837237.178043 sending message 112 to peer 0x7f1f548995c0 (13 bytes)
1779837237.178045 sending message 112 to peer 0x7f1f548995c0 (13 bytes)
1779837237.178046 sending message 112 to peer 0x7f1f548995c0 (13 bytes)
1779837237.178047 sending message 112 to peer 0x7f1f548995c0 (13 bytes)
1779837237.178048 sending message 112 to peer 0x7f1f548995c0 (12 bytes)
1779837237.178050 sending message 112 to peer 0x7f1f548995c0 (10 bytes)
1779837237.178051 sending message 112 to peer 0x7f1f548995c0 (12 bytes)
1779837237.178053 sending message 112 to peer 0x7f1f548995c0 (12 bytes)
1779837237.178054 sending message 112 to peer 0x7f1f548995c0 (12 bytes)
1779837237.178055 sending message 112 to peer 0x7f1f548995c0 (13 bytes)
1779837237.178057 sending message 112 to peer 0x7f1f548995c0 (13 bytes)
1779837237.178058 sending message 112 to peer 0x7f1f548995c0 (13 bytes)
1779837237.178059 sending message 112 to peer 0x7f1f548995c0 (13 bytes)
1779837237.178095 sending message 112 to peer 0x7f1f548995c0 (13 bytes)
1779837237.178099 sending message 112 to peer 0x7f1f548995c0 (13 bytes)
1779837237.178105 sending message 112 to peer 0x7f1f548995c0 (13 bytes)
1779837237.178109 sending message 112 to peer 0x7f1f548995c0 (10 bytes)
1779837237.178112 sending message 112 to peer 0x7f1f548995c0 (13 bytes)
1779837237.178116 sending message 112 to peer 0x7f1f548995c0 (12 bytes)
1779837237.178119 sending message 112 to peer 0x7f1f548995c0 (12 bytes)
1779837237.178123 sending message 112 to peer 0x7f1f548995c0 (12 bytes)
1779837237.178126 sending message 112 to peer 0x7f1f548995c0 (10 bytes)
1779837237.178130 sending message 112 to peer 0x7f1f548995c0 (10 bytes)
1779837237.178135 sending message 112 to peer 0x7f1f548995c0 (10 bytes)
1779837237.178138 sending message 112 to peer 0x7f1f548995c0 (12 bytes)
1779837237.178142 sending message 112 to peer 0x7f1f548995c0 (13 bytes)
1779837237.178145 sending message 112 to peer 0x7f1f548995c0 (13 bytes)
1779837237.178149 sending message 112 to peer 0x7f1f548995c0 (13 bytes)
1779837237.178152 sending message 112 to peer 0x7f1f548995c0 (13 bytes)
1779837237.178156 sending message 112 to peer 0x7f1f548995c0 (13 bytes)
1779837237.178159 sending message 112 to peer 0x7f1f548995c0 (10 bytes)
1779837237.178164 sending message 112 to peer 0x7f1f548995c0 (11 bytes)
1779837237.178168 sending message 112 to peer 0x7f1f548995c0 (12 bytes)
1779837237.178171 sending message 112 to peer 0x7f1f548995c0 (12 bytes)
1779837237.178175 sending message 112 to peer 0x7f1f548995c0 (12 bytes)
1779837237.178178 sending message 112 to peer 0x7f1f548995c0 (12 bytes)
1779837237.178182 sending message 112 to peer 0x7f1f548995c0 (12 bytes)
1779837237.178185 sending message 112 to peer 0x7f1f548995c0 (11 bytes)
1779837237.178189 sending message 112 to peer 0x7f1f548995c0 (12 bytes)
1779837237.178193 sending message 112 to peer 0x7f1f548995c0 (12 bytes)
1779837237.178197 sending message 112 to peer 0x7f1f548995c0 (13 bytes)
1779837237.178201 sending message 112 to peer 0x7f1f548995c0 (13 bytes)
1779837237.178204 sending message 112 to peer 0x7f1f548995c0 (13 bytes)
1779837237.178207 sending message 112 to peer 0x7f1f548995c0 (13 bytes)
1779837237.178211 sending message 112 to peer 0x7f1f548995c0 (13 bytes)
1779837237.178214 sending message 112 to peer 0x7f1f548995c0 (10 bytes)
1779837237.178218 sending message 112 to peer 0x7f1f548995c0 (9 bytes)
1779837237.178223 sending message 112 to peer 0x7f1f548995c0 (12 bytes)
1779837237.178226 sending message 112 to peer 0x7f1f548995c0 (13 bytes)
1779837237.178230 sending message 112 to peer 0x7f1f548995c0 (13 bytes)
1779837237.178233 sending message 112 to peer 0x7f1f548995c0 (13 bytes)
1779837237.178237 sending message 112 to peer 0x7f1f548995c0 (13 bytes)
1779837237.178240 sending message 112 to peer 0x7f1f548995c0 (13 bytes)
1779837237.178244 sending message 112 to peer 0x7f1f548995c0 (9 bytes)
1779837237.178253 sending message 112 to peer 0x7f1f548995c0 (12 bytes)
1779837237.178257 sending message 112 to peer 0x7f1f548995c0 (13 bytes)
1779837237.178261 sending message 112 to peer 0x7f1f548995c0 (13 bytes)
1779837237.178264 sending message 112 to peer 0x7f1f548995c0 (13 bytes)
1779837237.178268 sending message 112 to peer 0x7f1f548995c0 (13 bytes)
1779837237.178271 sending message 112 to peer 0x7f1f548995c0 (13 bytes)
1779837237.178275 sending message 112 to peer 0x7f1f548995c0 (11 bytes)
1779837237.178278 sending message 112 to peer 0x7f1f548995c0 (12 bytes)
1779837237.178282 sending message 112 to peer 0x7f1f548995c0 (13 bytes)
1779837237.178287 sending message 112 to peer 0x7f1f548995c0 (13 bytes)
1779837237.178290 sending message 112 to peer 0x7f1f548995c0 (13 bytes)
1779837237.178294 sending message 112 to peer 0x7f1f548995c0 (13 bytes)
1779837237.178297 sending message 112 to peer 0x7f1f548995c0 (13 bytes)
1779837237.178301 sending message 112 to peer 0x7f1f548995c0 (11 bytes)
1779837237.178304 sending message 112 to peer 0x7f1f548995c0 (12 bytes)
1779837237.178307 sending message 112 to peer 0x7f1f548995c0 (12 bytes)
1779837237.178311 sending message 112 to peer 0x7f1f548995c0 (12 bytes)
1779837237.178316 sending message 112 to peer 0x7f1f548995c0 (12 bytes)
1779837237.178320 sending message 112 to peer 0x7f1f548995c0 (12 bytes)
1779837237.178323 sending message 112 to peer 0x7f1f548995c0 (21 bytes)
1779837237.178327 sending message 112 to peer 0x7f1f548995c0 (12 bytes)
1779837237.178330 sending message 112 to peer 0x7f1f548995c0 (9 bytes)
1779837237.178334 sending message 112 to peer 0x7f1f548995c0 (6 bytes)
1779837237.178337 sending message 112 to peer 0x7f1f548995c0 (13 bytes)
1779837237.178341 sending message 112 to peer 0x7f1f548995c0 (10 bytes)
1779837237.178348 sending message 112 to peer 0x7f1f548995c0 (24 bytes)
1779837237.178352 sending message 112 to peer 0x7f1f548995c0 (13 bytes)
1779837237.178355 sending message 112 to peer 0x7f1f548995c0 (9 bytes)
1779837237.178359 sending message 112 to peer 0x7f1f548995c0 (70 bytes)
1779837237.178362 sending message 112 to peer 0x7f1f548995c0 (69 bytes)
1779837237.178366 sending message 112 to peer 0x7f1f548995c0 (12 bytes)
1779837237.178369 sending message 112 to peer 0x7f1f548995c0 (10 bytes)
1779837237.178373 sending message 112 to peer 0x7f1f548995c0 (10 bytes)
1779837237.178378 sending message 112 to peer 0x7f1f548995c0 (24 bytes)
1779837237.178382 sending message 112 to peer 0x7f1f548995c0 (13 bytes)
1779837237.178385 sending message 112 to peer 0x7f1f548995c0 (10 bytes)
1779837237.178388 sending message 112 to peer 0x7f1f548995c0 (10 bytes)
1779837237.178392 sending message 112 to peer 0x7f1f548995c0 (10 bytes)
1779837237.178395 sending message 112 to peer 0x7f1f548995c0 (13 bytes)
1779837237.178399 sending message 112 to peer 0x7f1f548995c0 (15 bytes)
1779837237.178403 sending message 112 to peer 0x7f1f548995c0 (5 bytes)
1779837237.178409 sending message 104 to peer 0x7f1f548995c0 (0 bytes)
1779837237.178413 sending message 110 to peer 0x7f1f548995c0 (0 bytes)
1779837237.178417 sending message 107 to peer 0x7f1f548995c0 (4 bytes)
1779837237.178421 sending message 105 to peer 0x7f1f548995c0 (17 bytes)
1779837237.178425 sending message 105 to peer 0x7f1f548995c0 (20 bytes)
1779837237.178430 sending message 105 to peer 0x7f1f548995c0 (23 bytes)
1779837237.178433 sending message 105 to peer 0x7f1f548995c0 (127 bytes)
1779837237.178437 sending message 105 to peer 0x7f1f548995c0 (19 bytes)
1779837237.178441 sending message 105 to peer 0x7f1f548995c0 (20 bytes)
1779837237.178444 sending message 105 to peer 0x7f1f548995c0 (19 bytes)
1779837237.178447 sending message 105 to peer 0x7f1f548995c0 (31 bytes)
1779837237.178451 sending message 105 to peer 0x7f1f548995c0 (54 bytes)
1779837237.178455 sending message 105 to peer 0x7f1f548995c0 (21 bytes)
1779837237.178460 sending message 105 to peer 0x7f1f548995c0 (23 bytes)
1779837237.178463 sending message 105 to peer 0x7f1f548995c0 (15 bytes)
1779837237.178467 sending message 105 to peer 0x7f1f548995c0 (17 bytes)
1779837237.178475 sending message 105 to peer 0x7f1f548995c0 (23 bytes)
1779837237.178478 sending message 105 to peer 0x7f1f548995c0 (30 bytes)
1779837237.178482 sending message 105 to peer 0x7f1f548995c0 (27 bytes)
1779837237.178485 sending message 105 to peer 0x7f1f548995c0 (24 bytes)
1779837237.178489 sending message 105 to peer 0x7f1f548995c0 (20 bytes)
1779837237.178494 sending message 105 to peer 0x7f1f548995c0 (23 bytes)
1779837237.178497 sending message 105 to peer 0x7f1f548995c0 (21 bytes)
1779837237.178501 sending message 105 to peer 0x7f1f548995c0 (25 bytes)
1779837237.178504 sending message 105 to peer 0x7f1f548995c0 (20 bytes)
1779837237.178508 sending message 105 to peer 0x7f1f548995c0 (36 bytes)
1779837237.178511 sending message 105 to peer 0x7f1f548995c0 (56 bytes)
1779837237.178515 sending message 105 to peer 0x7f1f548995c0 (20 bytes)
1779837237.178519 sending message 105 to peer 0x7f1f548995c0 (8 bytes)
1779837237.178524 sending message 105 to peer 0x7f1f548995c0 (60 bytes)
1779837237.178527 sending message 105 to peer 0x7f1f548995c0 (25 bytes)
1779837237.178531 sending message 105 to peer 0x7f1f548995c0 (33 bytes)
1779837237.178534 sending message 105 to peer 0x7f1f548995c0 (11 bytes)
1779837237.178538 sending message 105 to peer 0x7f1f548995c0 (8 bytes)
1779837237.178541 sending message 105 to peer 0x7f1f548995c0 (32 bytes)
1779837237.178545 sending message 105 to peer 0x7f1f548995c0 (1917 bytes)
1779837237.178550 sending message 105 to peer 0x7f1f548995c0 (28 bytes)
1779837237.178555 sending message 105 to peer 0x7f1f548995c0 (19 bytes)
1779837237.178558 sending message 105 to peer 0x7f1f548995c0 (16 bytes)
1779837237.178562 sending message 106 to peer 0x7f1f548995c0 (0 bytes)
1779837237.178658 sending message 200 to peer 0x7f1f548995c0 (4 bytes)
1779837237.178663 client loop enter
1779837237.184370 peer 0x7f1f548995c0 message 207
1779837237.184417 sending message 208 to peer 0x7f1f548995c0 (0 bytes)
1779837295.394631 peer 0x7f1f548995c0 message 203
1779837295.394658 sending message 205 to peer 0x7f1f548995c0 (0 bytes)
1779837295.395032 peer 0x7f1f548995c0 message 204
1779837295.395057 client loop exit
